2019/07/22 15:21:24.255 [I]  Listing local sync dir, this can take a long time for big directory, please wait patiently
2019/07/22 15:21:24.255 [I]  Walk `C:\MyProjects\UI\easy-rbac-ui\dist` start from 2019-07-22 15:21:24.2550909 +0800 CST m=+0.372001501
2019/07/22 15:21:24.310 [I]  Uploading file C:\MyProjects\UI\easy-rbac-ui\dist\css\app.6e9b8ff5.css => easyrbac : css/app.6e9b8ff5.css
2019/07/22 15:21:24.311 [I]  Uploading file C:\MyProjects\UI\easy-rbac-ui\dist\css\chunk-1fef9ea3.8e14c365.css => easyrbac : css/chunk-1fef9ea3.8e14c365.css
2019/07/22 15:21:24.311 [I]  Uploading file C:\MyProjects\UI\easy-rbac-ui\dist\css\chunk-27a44d00.57e4567a.css => easyrbac : css/chunk-27a44d00.57e4567a.css
2019/07/22 15:21:24.619 [E]  Form upload file `C:\MyProjects\UI\easy-rbac-ui\dist\css\app.6e9b8ff5.css` => `css/app.6e9b8ff5.css` failed due to nerror `query region error, app/accesskey is not found`
2019/07/22 15:21:24.628 [I]  Uploading file C:\MyProjects\UI\easy-rbac-ui\dist\css\chunk-2dc03896.00142e23.css => easyrbac : css/chunk-2dc03896.00142e23.css
2019/07/22 15:21:24.678 [E]  Form upload file `C:\MyProjects\UI\easy-rbac-ui\dist\css\chunk-1fef9ea3.8e14c365.css` => `css/chunk-1fef9ea3.8e14c365.css` failed due to nerror `query region error, app/accesskey is not found`
2019/07/22 15:21:24.679 [I]  Uploading file C:\MyProjects\UI\easy-rbac-ui\dist\css\chunk-377fe75c.6d95c0fa.css => easyrbac : css/chunk-377fe75c.6d95c0fa.css
2019/07/22 15:21:24.729 [E]  Form upload file `C:\MyProjects\UI\easy-rbac-ui\dist\css\chunk-27a44d00.57e4567a.css` => `css/chunk-27a44d00.57e4567a.css` failed due to nerror `query region error, app/accesskey is not found`
2019/07/22 15:21:24.729 [I]  Uploading file C:\MyProjects\UI\easy-rbac-ui\dist\css\chunk-480ad232.fde3d2e7.css => easyrbac : css/chunk-480ad232.fde3d2e7.css
2019/07/22 15:21:24.779 [E]  Form upload file `C:\MyProjects\UI\easy-rbac-ui\dist\css\chunk-2dc03896.00142e23.css` => `css/chunk-2dc03896.00142e23.css` failed due to nerror `query region error, app/accesskey is not found`
2019/07/22 15:21:24.780 [I]  Uploading file C:\MyProjects\UI\easy-rbac-ui\dist\css\chunk-626fe20f.dc3e219f.css => easyrbac : css/chunk-626fe20f.dc3e219f.css
2019/07/22 15:21:24.834 [E]  Form upload file `C:\MyProjects\UI\easy-rbac-ui\dist\css\chunk-377fe75c.6d95c0fa.css` => `css/chunk-377fe75c.6d95c0fa.css` failed due to nerror `query region error, app/accesskey is not found`
2019/07/22 15:21:24.835 [I]  Uploading file C:\MyProjects\UI\easy-rbac-ui\dist\css\chunk-6c8ea15a.9f0c1a83.css => easyrbac : css/chunk-6c8ea15a.9f0c1a83.css
2019/07/22 15:21:24.882 [E]  Form upload file `C:\MyProjects\UI\easy-rbac-ui\dist\css\chunk-480ad232.fde3d2e7.css` => `css/chunk-480ad232.fde3d2e7.css` failed due to nerror `query region error, app/accesskey is not found`
2019/07/22 15:21:24.883 [I]  Uploading file C:\MyProjects\UI\easy-rbac-ui\dist\css\chunk-e3ad190c.0423cdb7.css => easyrbac : css/chunk-e3ad190c.0423cdb7.css
2019/07/22 15:21:24.933 [E]  Form upload file `C:\MyProjects\UI\easy-rbac-ui\dist\css\chunk-626fe20f.dc3e219f.css` => `css/chunk-626fe20f.dc3e219f.css` failed due to nerror `query region error, app/accesskey is not found`
2019/07/22 15:21:24.933 [I]  Uploading file C:\MyProjects\UI\easy-rbac-ui\dist\css\chunk-e4a2a94c.e22bb641.css => easyrbac : css/chunk-e4a2a94c.e22bb641.css
2019/07/22 15:21:24.983 [E]  Form upload file `C:\MyProjects\UI\easy-rbac-ui\dist\css\chunk-6c8ea15a.9f0c1a83.css` => `css/chunk-6c8ea15a.9f0c1a83.css` failed due to nerror `query region error, app/accesskey is not found`
2019/07/22 15:21:24.984 [I]  Uploading file C:\MyProjects\UI\easy-rbac-ui\dist\css\chunk-vendors.e8c2204c.css => easyrbac : css/chunk-vendors.e8c2204c.css
2019/07/22 15:21:25.031 [E]  Form upload file `C:\MyProjects\UI\easy-rbac-ui\dist\css\chunk-e3ad190c.0423cdb7.css` => `css/chunk-e3ad190c.0423cdb7.css` failed due to nerror `query region error, app/accesskey is not found`
2019/07/22 15:21:25.031 [I]  Uploading file C:\MyProjects\UI\easy-rbac-ui\dist\favicon.ico => easyrbac : favicon.ico
2019/07/22 15:21:25.080 [E]  Form upload file `C:\MyProjects\UI\easy-rbac-ui\dist\css\chunk-e4a2a94c.e22bb641.css` => `css/chunk-e4a2a94c.e22bb641.css` failed due to nerror `query region error, app/accesskey is not found`
2019/07/22 15:21:25.082 [I]  Uploading file C:\MyProjects\UI\easy-rbac-ui\dist\fonts\element-icons.2fad952a.woff => easyrbac : fonts/element-icons.2fad952a.woff
2019/07/22 15:21:25.130 [E]  Form upload file `C:\MyProjects\UI\easy-rbac-ui\dist\css\chunk-vendors.e8c2204c.css` => `css/chunk-vendors.e8c2204c.css` failed due to nerror `query region error, app/accesskey is not found`
2019/07/22 15:21:25.131 [I]  Uploading file C:\MyProjects\UI\easy-rbac-ui\dist\fonts\element-icons.6f0a7632.ttf => easyrbac : fonts/element-icons.6f0a7632.ttf
2019/07/22 15:21:25.178 [E]  Form upload file `C:\MyProjects\UI\easy-rbac-ui\dist\favicon.ico` => `favicon.ico` failed due to nerror `query region error, app/accesskey is not found`
2019/07/22 15:21:25.180 [I]  Uploading file C:\MyProjects\UI\easy-rbac-ui\dist\index.html => easyrbac : index.html
2019/07/22 15:21:25.229 [E]  Form upload file `C:\MyProjects\UI\easy-rbac-ui\dist\fonts\element-icons.2fad952a.woff` => `fonts/element-icons.2fad952a.woff` failed due to nerror `query region error, app/accesskey is not found`
2019/07/22 15:21:25.251 [I]  Uploading file C:\MyProjects\UI\easy-rbac-ui\dist\js\app.ab882232.js => easyrbac : js/app.ab882232.js
2019/07/22 15:21:25.299 [E]  Form upload file `C:\MyProjects\UI\easy-rbac-ui\dist\fonts\element-icons.6f0a7632.ttf` => `fonts/element-icons.6f0a7632.ttf` failed due to nerror `query region error, app/accesskey is not found`
2019/07/22 15:21:25.300 [I]  Uploading file C:\MyProjects\UI\easy-rbac-ui\dist\js\app.ab882232.js.map => easyrbac : js/app.ab882232.js.map
2019/07/22 15:21:25.352 [E]  Form upload file `C:\MyProjects\UI\easy-rbac-ui\dist\index.html` => `index.html` failed due to nerror `query region error, app/accesskey is not found`
2019/07/22 15:21:25.357 [I]  Uploading file C:\MyProjects\UI\easy-rbac-ui\dist\js\chunk-1fef9ea3.132e15f7.js => easyrbac : js/chunk-1fef9ea3.132e15f7.js
2019/07/22 15:21:25.401 [E]  Form upload file `C:\MyProjects\UI\easy-rbac-ui\dist\js\app.ab882232.js` => `js/app.ab882232.js` failed due to nerror `query region error, app/accesskey is not found`
2019/07/22 15:21:25.411 [I]  Uploading file C:\MyProjects\UI\easy-rbac-ui\dist\js\chunk-1fef9ea3.132e15f7.js.map => easyrbac : js/chunk-1fef9ea3.132e15f7.js.map
2019/07/22 15:21:25.461 [E]  Form upload file `C:\MyProjects\UI\easy-rbac-ui\dist\js\app.ab882232.js.map` => `js/app.ab882232.js.map` failed due to nerror `query region error, app/accesskey is not found`
2019/07/22 15:21:25.461 [I]  Uploading file C:\MyProjects\UI\easy-rbac-ui\dist\js\chunk-27a44d00.92728ade.js => easyrbac : js/chunk-27a44d00.92728ade.js
2019/07/22 15:21:25.543 [E]  Form upload file `C:\MyProjects\UI\easy-rbac-ui\dist\js\chunk-1fef9ea3.132e15f7.js` => `js/chunk-1fef9ea3.132e15f7.js` failed due to nerror `query region error, app/accesskey is not found`
2019/07/22 15:21:25.543 [I]  Uploading file C:\MyProjects\UI\easy-rbac-ui\dist\js\chunk-27a44d00.92728ade.js.map => easyrbac : js/chunk-27a44d00.92728ade.js.map
2019/07/22 15:21:25.597 [E]  Form upload file `C:\MyProjects\UI\easy-rbac-ui\dist\js\chunk-1fef9ea3.132e15f7.js.map` => `js/chunk-1fef9ea3.132e15f7.js.map` failed due to nerror `query region error, app/accesskey is not found`
2019/07/22 15:21:25.600 [I]  Uploading file C:\MyProjects\UI\easy-rbac-ui\dist\js\chunk-2d21ab59.f66719a8.js => easyrbac : js/chunk-2d21ab59.f66719a8.js
2019/07/22 15:21:25.682 [E]  Form upload file `C:\MyProjects\UI\easy-rbac-ui\dist\js\chunk-27a44d00.92728ade.js` => `js/chunk-27a44d00.92728ade.js` failed due to nerror `query region error, app/accesskey is not found`
2019/07/22 15:21:25.683 [I]  Uploading file C:\MyProjects\UI\easy-rbac-ui\dist\js\chunk-2d21ab59.f66719a8.js.map => easyrbac : js/chunk-2d21ab59.f66719a8.js.map
2019/07/22 15:21:25.762 [E]  Form upload file `C:\MyProjects\UI\easy-rbac-ui\dist\js\chunk-27a44d00.92728ade.js.map` => `js/chunk-27a44d00.92728ade.js.map` failed due to nerror `query region error, app/accesskey is not found`
2019/07/22 15:21:25.763 [I]  Uploading file C:\MyProjects\UI\easy-rbac-ui\dist\js\chunk-2dc03896.f1760201.js => easyrbac : js/chunk-2dc03896.f1760201.js
2019/07/22 15:21:25.832 [E]  Form upload file `C:\MyProjects\UI\easy-rbac-ui\dist\js\chunk-2d21ab59.f66719a8.js` => `js/chunk-2d21ab59.f66719a8.js` failed due to nerror `query region error, app/accesskey is not found`
2019/07/22 15:21:25.833 [I]  Uploading file C:\MyProjects\UI\easy-rbac-ui\dist\js\chunk-2dc03896.f1760201.js.map => easyrbac : js/chunk-2dc03896.f1760201.js.map
2019/07/22 15:21:25.895 [E]  Form upload file `C:\MyProjects\UI\easy-rbac-ui\dist\js\chunk-2d21ab59.f66719a8.js.map` => `js/chunk-2d21ab59.f66719a8.js.map` failed due to nerror `query region error, app/accesskey is not found`
2019/07/22 15:21:25.897 [I]  Uploading file C:\MyProjects\UI\easy-rbac-ui\dist\js\chunk-377fe75c.a56c942b.js => easyrbac : js/chunk-377fe75c.a56c942b.js
2019/07/22 15:21:25.970 [E]  Form upload file `C:\MyProjects\UI\easy-rbac-ui\dist\js\chunk-2dc03896.f1760201.js` => `js/chunk-2dc03896.f1760201.js` failed due to nerror `query region error, app/accesskey is not found`
2019/07/22 15:21:25.972 [I]  Uploading file C:\MyProjects\UI\easy-rbac-ui\dist\js\chunk-377fe75c.a56c942b.js.map => easyrbac : js/chunk-377fe75c.a56c942b.js.map
2019/07/22 15:21:26.027 [E]  Form upload file `C:\MyProjects\UI\easy-rbac-ui\dist\js\chunk-2dc03896.f1760201.js.map` => `js/chunk-2dc03896.f1760201.js.map` failed due to nerror `query region error, app/accesskey is not found`
2019/07/22 15:21:26.029 [I]  Uploading file C:\MyProjects\UI\easy-rbac-ui\dist\js\chunk-480ad232.ae390b9d.js => easyrbac : js/chunk-480ad232.ae390b9d.js
2019/07/22 15:21:26.116 [E]  Form upload file `C:\MyProjects\UI\easy-rbac-ui\dist\js\chunk-377fe75c.a56c942b.js` => `js/chunk-377fe75c.a56c942b.js` failed due to nerror `query region error, app/accesskey is not found`
2019/07/22 15:21:26.117 [I]  Uploading file C:\MyProjects\UI\easy-rbac-ui\dist\js\chunk-480ad232.ae390b9d.js.map => easyrbac : js/chunk-480ad232.ae390b9d.js.map
2019/07/22 15:21:26.169 [E]  Form upload file `C:\MyProjects\UI\easy-rbac-ui\dist\js\chunk-377fe75c.a56c942b.js.map` => `js/chunk-377fe75c.a56c942b.js.map` failed due to nerror `query region error, app/accesskey is not found`
2019/07/22 15:21:26.170 [I]  Uploading file C:\MyProjects\UI\easy-rbac-ui\dist\js\chunk-626fe20f.e18799c9.js => easyrbac : js/chunk-626fe20f.e18799c9.js
2019/07/22 15:21:26.248 [E]  Form upload file `C:\MyProjects\UI\easy-rbac-ui\dist\js\chunk-480ad232.ae390b9d.js` => `js/chunk-480ad232.ae390b9d.js` failed due to nerror `query region error, app/accesskey is not found`
2019/07/22 15:21:26.250 [I]  Uploading file C:\MyProjects\UI\easy-rbac-ui\dist\js\chunk-626fe20f.e18799c9.js.map => easyrbac : js/chunk-626fe20f.e18799c9.js.map
2019/07/22 15:21:26.310 [E]  Form upload file `C:\MyProjects\UI\easy-rbac-ui\dist\js\chunk-480ad232.ae390b9d.js.map` => `js/chunk-480ad232.ae390b9d.js.map` failed due to nerror `query region error, app/accesskey is not found`
2019/07/22 15:21:26.311 [I]  Uploading file C:\MyProjects\UI\easy-rbac-ui\dist\js\chunk-6a989ded.87bad00e.js => easyrbac : js/chunk-6a989ded.87bad00e.js
2019/07/22 15:21:26.395 [E]  Form upload file `C:\MyProjects\UI\easy-rbac-ui\dist\js\chunk-626fe20f.e18799c9.js` => `js/chunk-626fe20f.e18799c9.js` failed due to nerror `query region error, app/accesskey is not found`
2019/07/22 15:21:26.395 [I]  Uploading file C:\MyProjects\UI\easy-rbac-ui\dist\js\chunk-6a989ded.87bad00e.js.map => easyrbac : js/chunk-6a989ded.87bad00e.js.map
2019/07/22 15:21:26.452 [E]  Form upload file `C:\MyProjects\UI\easy-rbac-ui\dist\js\chunk-626fe20f.e18799c9.js.map` => `js/chunk-626fe20f.e18799c9.js.map` failed due to nerror `query region error, app/accesskey is not found`
2019/07/22 15:21:26.453 [I]  Uploading file C:\MyProjects\UI\easy-rbac-ui\dist\js\chunk-6c8ea15a.5f937517.js => easyrbac : js/chunk-6c8ea15a.5f937517.js
2019/07/22 15:21:26.531 [E]  Form upload file `C:\MyProjects\UI\easy-rbac-ui\dist\js\chunk-6a989ded.87bad00e.js` => `js/chunk-6a989ded.87bad00e.js` failed due to nerror `query region error, app/accesskey is not found`
2019/07/22 15:21:26.531 [I]  Uploading file C:\MyProjects\UI\easy-rbac-ui\dist\js\chunk-6c8ea15a.5f937517.js.map => easyrbac : js/chunk-6c8ea15a.5f937517.js.map
2019/07/22 15:21:26.586 [E]  Form upload file `C:\MyProjects\UI\easy-rbac-ui\dist\js\chunk-6a989ded.87bad00e.js.map` => `js/chunk-6a989ded.87bad00e.js.map` failed due to nerror `query region error, app/accesskey is not found`
2019/07/22 15:21:26.587 [I]  Uploading file C:\MyProjects\UI\easy-rbac-ui\dist\js\chunk-e3ad190c.2f428111.js => easyrbac : js/chunk-e3ad190c.2f428111.js
2019/07/22 15:21:26.661 [E]  Form upload file `C:\MyProjects\UI\easy-rbac-ui\dist\js\chunk-6c8ea15a.5f937517.js` => `js/chunk-6c8ea15a.5f937517.js` failed due to nerror `query region error, app/accesskey is not found`
2019/07/22 15:21:26.662 [I]  Uploading file C:\MyProjects\UI\easy-rbac-ui\dist\js\chunk-e3ad190c.2f428111.js.map => easyrbac : js/chunk-e3ad190c.2f428111.js.map
2019/07/22 15:21:26.716 [E]  Form upload file `C:\MyProjects\UI\easy-rbac-ui\dist\js\chunk-6c8ea15a.5f937517.js.map` => `js/chunk-6c8ea15a.5f937517.js.map` failed due to nerror `query region error, app/accesskey is not found`
2019/07/22 15:21:26.717 [I]  Uploading file C:\MyProjects\UI\easy-rbac-ui\dist\js\chunk-e4a2a94c.f39fada2.js => easyrbac : js/chunk-e4a2a94c.f39fada2.js
2019/07/22 15:21:26.794 [E]  Form upload file `C:\MyProjects\UI\easy-rbac-ui\dist\js\chunk-e3ad190c.2f428111.js` => `js/chunk-e3ad190c.2f428111.js` failed due to nerror `query region error, app/accesskey is not found`
2019/07/22 15:21:26.795 [I]  Uploading file C:\MyProjects\UI\easy-rbac-ui\dist\js\chunk-e4a2a94c.f39fada2.js.map => easyrbac : js/chunk-e4a2a94c.f39fada2.js.map
2019/07/22 15:21:26.860 [E]  Form upload file `C:\MyProjects\UI\easy-rbac-ui\dist\js\chunk-e3ad190c.2f428111.js.map` => `js/chunk-e3ad190c.2f428111.js.map` failed due to nerror `query region error, app/accesskey is not found`
2019/07/22 15:21:26.861 [I]  Uploading file C:\MyProjects\UI\easy-rbac-ui\dist\js\chunk-e9c26186.8fefad35.js => easyrbac : js/chunk-e9c26186.8fefad35.js
2019/07/22 15:21:26.943 [E]  Form upload file `C:\MyProjects\UI\easy-rbac-ui\dist\js\chunk-e4a2a94c.f39fada2.js` => `js/chunk-e4a2a94c.f39fada2.js` failed due to nerror `query region error, app/accesskey is not found`
2019/07/22 15:21:26.944 [I]  Uploading file C:\MyProjects\UI\easy-rbac-ui\dist\js\chunk-e9c26186.8fefad35.js.map => easyrbac : js/chunk-e9c26186.8fefad35.js.map
2019/07/22 15:21:27.000 [E]  Form upload file `C:\MyProjects\UI\easy-rbac-ui\dist\js\chunk-e4a2a94c.f39fada2.js.map` => `js/chunk-e4a2a94c.f39fada2.js.map` failed due to nerror `query region error, app/accesskey is not found`
2019/07/22 15:21:27.001 [I]  Uploading file C:\MyProjects\UI\easy-rbac-ui\dist\js\chunk-vendors.dbadf734.js => easyrbac : js/chunk-vendors.dbadf734.js
2019/07/22 15:21:27.078 [E]  Form upload file `C:\MyProjects\UI\easy-rbac-ui\dist\js\chunk-e9c26186.8fefad35.js` => `js/chunk-e9c26186.8fefad35.js` failed due to nerror `query region error, app/accesskey is not found`
2019/07/22 15:21:27.079 [I]  Uploading file C:\MyProjects\UI\easy-rbac-ui\dist\js\chunk-vendors.dbadf734.js.map => easyrbac : js/chunk-vendors.dbadf734.js.map
2019/07/22 15:21:27.134 [E]  Form upload file `C:\MyProjects\UI\easy-rbac-ui\dist\js\chunk-e9c26186.8fefad35.js.map` => `js/chunk-e9c26186.8fefad35.js.map` failed due to nerror `query region error, app/accesskey is not found`
2019/07/22 15:21:27.534 [E]  Form upload file `C:\MyProjects\UI\easy-rbac-ui\dist\js\chunk-vendors.dbadf734.js` => `js/chunk-vendors.dbadf734.js` failed due to nerror `query region error, app/accesskey is not found`
2019/07/22 15:21:27.629 [E]  Form upload file `C:\MyProjects\UI\easy-rbac-ui\dist\js\chunk-vendors.dbadf734.js.map` => `js/chunk-vendors.dbadf734.js.map` failed due to nerror `query region error, app/accesskey is not found`
2019/07/22 15:21:27.629 [I]  -------------Upload Result--------------
2019/07/22 15:21:27.629 [I]                Total:        43
2019/07/22 15:21:27.629 [I]              Success:         0
2019/07/22 15:21:27.629 [I]              Failure:        43
2019/07/22 15:21:27.629 [I]         NotOverwrite:         0
2019/07/22 15:21:27.629 [I]              Skipped:         0
2019/07/22 15:21:27.629 [I]             Duration:     3.4369998s
2019/07/22 15:21:27.629 [I]  ----------------------------------------
2019/07/22 15:24:31.775 [I]  Listing local sync dir, this can take a long time for big directory, please wait patiently
2019/07/22 15:24:31.776 [I]  Walk `C:\MyProjects\UI\easy-rbac-ui\dist` start from 2019-07-22 15:24:31.7762681 +0800 CST m=+0.379999501
2019/07/22 15:24:31.822 [I]  Uploading file C:\MyProjects\UI\easy-rbac-ui\dist\css\app.6e9b8ff5.css => easyrbac : css/app.6e9b8ff5.css
2019/07/22 15:24:31.822 [I]  Uploading file C:\MyProjects\UI\easy-rbac-ui\dist\css\chunk-1fef9ea3.8e14c365.css => easyrbac : css/chunk-1fef9ea3.8e14c365.css
2019/07/22 15:24:31.825 [I]  Uploading file C:\MyProjects\UI\easy-rbac-ui\dist\css\chunk-27a44d00.57e4567a.css => easyrbac : css/chunk-27a44d00.57e4567a.css
2019/07/22 15:24:32.131 [E]  Form upload file `C:\MyProjects\UI\easy-rbac-ui\dist\css\app.6e9b8ff5.css` => `css/app.6e9b8ff5.css` failed due to nerror `query region error, app/accesskey is not found`
2019/07/22 15:24:32.133 [I]  Uploading file C:\MyProjects\UI\easy-rbac-ui\dist\css\chunk-2dc03896.00142e23.css => easyrbac : css/chunk-2dc03896.00142e23.css
2019/07/22 15:24:32.187 [E]  Form upload file `C:\MyProjects\UI\easy-rbac-ui\dist\css\chunk-1fef9ea3.8e14c365.css` => `css/chunk-1fef9ea3.8e14c365.css` failed due to nerror `query region error, app/accesskey is not found`
2019/07/22 15:24:32.189 [I]  Uploading file C:\MyProjects\UI\easy-rbac-ui\dist\css\chunk-377fe75c.6d95c0fa.css => easyrbac : css/chunk-377fe75c.6d95c0fa.css
2019/07/22 15:24:32.244 [E]  Form upload file `C:\MyProjects\UI\easy-rbac-ui\dist\css\chunk-27a44d00.57e4567a.css` => `css/chunk-27a44d00.57e4567a.css` failed due to nerror `query region error, app/accesskey is not found`
2019/07/22 15:24:32.245 [I]  Uploading file C:\MyProjects\UI\easy-rbac-ui\dist\css\chunk-480ad232.fde3d2e7.css => easyrbac : css/chunk-480ad232.fde3d2e7.css
2019/07/22 15:24:32.299 [E]  Form upload file `C:\MyProjects\UI\easy-rbac-ui\dist\css\chunk-2dc03896.00142e23.css` => `css/chunk-2dc03896.00142e23.css` failed due to nerror `query region error, app/accesskey is not found`
2019/07/22 15:24:32.300 [I]  Uploading file C:\MyProjects\UI\easy-rbac-ui\dist\css\chunk-626fe20f.dc3e219f.css => easyrbac : css/chunk-626fe20f.dc3e219f.css
2019/07/22 15:24:32.355 [E]  Form upload file `C:\MyProjects\UI\easy-rbac-ui\dist\css\chunk-377fe75c.6d95c0fa.css` => `css/chunk-377fe75c.6d95c0fa.css` failed due to nerror `query region error, app/accesskey is not found`
2019/07/22 15:24:32.355 [I]  Uploading file C:\MyProjects\UI\easy-rbac-ui\dist\css\chunk-6c8ea15a.9f0c1a83.css => easyrbac : css/chunk-6c8ea15a.9f0c1a83.css
2019/07/22 15:24:32.412 [E]  Form upload file `C:\MyProjects\UI\easy-rbac-ui\dist\css\chunk-480ad232.fde3d2e7.css` => `css/chunk-480ad232.fde3d2e7.css` failed due to nerror `query region error, app/accesskey is not found`
2019/07/22 15:24:32.413 [I]  Uploading file C:\MyProjects\UI\easy-rbac-ui\dist\css\chunk-e3ad190c.0423cdb7.css => easyrbac : css/chunk-e3ad190c.0423cdb7.css
2019/07/22 15:24:32.466 [E]  Form upload file `C:\MyProjects\UI\easy-rbac-ui\dist\css\chunk-626fe20f.dc3e219f.css` => `css/chunk-626fe20f.dc3e219f.css` failed due to nerror `query region error, app/accesskey is not found`
2019/07/22 15:24:32.467 [I]  Uploading file C:\MyProjects\UI\easy-rbac-ui\dist\css\chunk-e4a2a94c.e22bb641.css => easyrbac : css/chunk-e4a2a94c.e22bb641.css
2019/07/22 15:24:32.523 [E]  Form upload file `C:\MyProjects\UI\easy-rbac-ui\dist\css\chunk-6c8ea15a.9f0c1a83.css` => `css/chunk-6c8ea15a.9f0c1a83.css` failed due to nerror `query region error, app/accesskey is not found`
2019/07/22 15:24:32.525 [I]  Uploading file C:\MyProjects\UI\easy-rbac-ui\dist\css\chunk-vendors.e8c2204c.css => easyrbac : css/chunk-vendors.e8c2204c.css
2019/07/22 15:24:32.582 [E]  Form upload file `C:\MyProjects\UI\easy-rbac-ui\dist\css\chunk-e3ad190c.0423cdb7.css` => `css/chunk-e3ad190c.0423cdb7.css` failed due to nerror `query region error, app/accesskey is not found`
2019/07/22 15:24:32.583 [I]  Uploading file C:\MyProjects\UI\easy-rbac-ui\dist\favicon.ico => easyrbac : favicon.ico
2019/07/22 15:24:32.638 [E]  Form upload file `C:\MyProjects\UI\easy-rbac-ui\dist\css\chunk-e4a2a94c.e22bb641.css` => `css/chunk-e4a2a94c.e22bb641.css` failed due to nerror `query region error, app/accesskey is not found`
2019/07/22 15:24:32.639 [I]  Uploading file C:\MyProjects\UI\easy-rbac-ui\dist\fonts\element-icons.2fad952a.woff => easyrbac : fonts/element-icons.2fad952a.woff
2019/07/22 15:24:32.693 [E]  Form upload file `C:\MyProjects\UI\easy-rbac-ui\dist\css\chunk-vendors.e8c2204c.css` => `css/chunk-vendors.e8c2204c.css` failed due to nerror `query region error, app/accesskey is not found`
2019/07/22 15:24:32.693 [I]  Uploading file C:\MyProjects\UI\easy-rbac-ui\dist\fonts\element-icons.6f0a7632.ttf => easyrbac : fonts/element-icons.6f0a7632.ttf
2019/07/22 15:24:32.750 [E]  Form upload file `C:\MyProjects\UI\easy-rbac-ui\dist\favicon.ico` => `favicon.ico` failed due to nerror `query region error, app/accesskey is not found`
2019/07/22 15:24:32.750 [I]  Uploading file C:\MyProjects\UI\easy-rbac-ui\dist\index.html => easyrbac : index.html
2019/07/22 15:24:32.805 [E]  Form upload file `C:\MyProjects\UI\easy-rbac-ui\dist\fonts\element-icons.2fad952a.woff` => `fonts/element-icons.2fad952a.woff` failed due to nerror `query region error, app/accesskey is not found`
2019/07/22 15:24:32.805 [I]  Uploading file C:\MyProjects\UI\easy-rbac-ui\dist\js\app.ab882232.js => easyrbac : js/app.ab882232.js
2019/07/22 15:24:32.859 [E]  Form upload file `C:\MyProjects\UI\easy-rbac-ui\dist\fonts\element-icons.6f0a7632.ttf` => `fonts/element-icons.6f0a7632.ttf` failed due to nerror `query region error, app/accesskey is not found`
2019/07/22 15:24:32.860 [I]  Uploading file C:\MyProjects\UI\easy-rbac-ui\dist\js\app.ab882232.js.map => easyrbac : js/app.ab882232.js.map
2019/07/22 15:24:32.915 [E]  Form upload file `C:\MyProjects\UI\easy-rbac-ui\dist\index.html` => `index.html` failed due to nerror `query region error, app/accesskey is not found`
2019/07/22 15:24:32.915 [I]  Uploading file C:\MyProjects\UI\easy-rbac-ui\dist\js\chunk-1fef9ea3.132e15f7.js => easyrbac : js/chunk-1fef9ea3.132e15f7.js
2019/07/22 15:24:32.969 [E]  Form upload file `C:\MyProjects\UI\easy-rbac-ui\dist\js\app.ab882232.js` => `js/app.ab882232.js` failed due to nerror `query region error, app/accesskey is not found`
2019/07/22 15:24:32.970 [I]  Uploading file C:\MyProjects\UI\easy-rbac-ui\dist\js\chunk-1fef9ea3.132e15f7.js.map => easyrbac : js/chunk-1fef9ea3.132e15f7.js.map
2019/07/22 15:24:33.025 [E]  Form upload file `C:\MyProjects\UI\easy-rbac-ui\dist\js\app.ab882232.js.map` => `js/app.ab882232.js.map` failed due to nerror `query region error, app/accesskey is not found`
2019/07/22 15:24:33.026 [I]  Uploading file C:\MyProjects\UI\easy-rbac-ui\dist\js\chunk-27a44d00.92728ade.js => easyrbac : js/chunk-27a44d00.92728ade.js
2019/07/22 15:24:33.081 [E]  Form upload file `C:\MyProjects\UI\easy-rbac-ui\dist\js\chunk-1fef9ea3.132e15f7.js` => `js/chunk-1fef9ea3.132e15f7.js` failed due to nerror `query region error, app/accesskey is not found`
2019/07/22 15:24:33.082 [I]  Uploading file C:\MyProjects\UI\easy-rbac-ui\dist\js\chunk-27a44d00.92728ade.js.map => easyrbac : js/chunk-27a44d00.92728ade.js.map
2019/07/22 15:24:33.137 [E]  Form upload file `C:\MyProjects\UI\easy-rbac-ui\dist\js\chunk-1fef9ea3.132e15f7.js.map` => `js/chunk-1fef9ea3.132e15f7.js.map` failed due to nerror `query region error, app/accesskey is not found`
2019/07/22 15:24:33.138 [I]  Uploading file C:\MyProjects\UI\easy-rbac-ui\dist\js\chunk-2d21ab59.f66719a8.js => easyrbac : js/chunk-2d21ab59.f66719a8.js
2019/07/22 15:24:33.197 [E]  Form upload file `C:\MyProjects\UI\easy-rbac-ui\dist\js\chunk-27a44d00.92728ade.js` => `js/chunk-27a44d00.92728ade.js` failed due to nerror `query region error, app/accesskey is not found`
2019/07/22 15:24:33.198 [I]  Uploading file C:\MyProjects\UI\easy-rbac-ui\dist\js\chunk-2d21ab59.f66719a8.js.map => easyrbac : js/chunk-2d21ab59.f66719a8.js.map
2019/07/22 15:24:33.253 [E]  Form upload file `C:\MyProjects\UI\easy-rbac-ui\dist\js\chunk-27a44d00.92728ade.js.map` => `js/chunk-27a44d00.92728ade.js.map` failed due to nerror `query region error, app/accesskey is not found`
2019/07/22 15:24:33.254 [I]  Uploading file C:\MyProjects\UI\easy-rbac-ui\dist\js\chunk-2dc03896.f1760201.js => easyrbac : js/chunk-2dc03896.f1760201.js
2019/07/22 15:24:33.310 [E]  Form upload file `C:\MyProjects\UI\easy-rbac-ui\dist\js\chunk-2d21ab59.f66719a8.js` => `js/chunk-2d21ab59.f66719a8.js` failed due to nerror `query region error, app/accesskey is not found`
2019/07/22 15:24:33.311 [I]  Uploading file C:\MyProjects\UI\easy-rbac-ui\dist\js\chunk-2dc03896.f1760201.js.map => easyrbac : js/chunk-2dc03896.f1760201.js.map
2019/07/22 15:24:33.368 [E]  Form upload file `C:\MyProjects\UI\easy-rbac-ui\dist\js\chunk-2d21ab59.f66719a8.js.map` => `js/chunk-2d21ab59.f66719a8.js.map` failed due to nerror `query region error, app/accesskey is not found`
2019/07/22 15:24:33.369 [I]  Uploading file C:\MyProjects\UI\easy-rbac-ui\dist\js\chunk-377fe75c.a56c942b.js => easyrbac : js/chunk-377fe75c.a56c942b.js
2019/07/22 15:24:33.423 [E]  Form upload file `C:\MyProjects\UI\easy-rbac-ui\dist\js\chunk-2dc03896.f1760201.js` => `js/chunk-2dc03896.f1760201.js` failed due to nerror `query region error, app/accesskey is not found`
2019/07/22 15:24:33.423 [I]  Uploading file C:\MyProjects\UI\easy-rbac-ui\dist\js\chunk-377fe75c.a56c942b.js.map => easyrbac : js/chunk-377fe75c.a56c942b.js.map
2019/07/22 15:24:33.476 [E]  Form upload file `C:\MyProjects\UI\easy-rbac-ui\dist\js\chunk-2dc03896.f1760201.js.map` => `js/chunk-2dc03896.f1760201.js.map` failed due to nerror `query region error, app/accesskey is not found`
2019/07/22 15:24:33.477 [I]  Uploading file C:\MyProjects\UI\easy-rbac-ui\dist\js\chunk-480ad232.ae390b9d.js => easyrbac : js/chunk-480ad232.ae390b9d.js
2019/07/22 15:24:33.531 [E]  Form upload file `C:\MyProjects\UI\easy-rbac-ui\dist\js\chunk-377fe75c.a56c942b.js` => `js/chunk-377fe75c.a56c942b.js` failed due to nerror `query region error, app/accesskey is not found`
2019/07/22 15:24:33.531 [I]  Uploading file C:\MyProjects\UI\easy-rbac-ui\dist\js\chunk-480ad232.ae390b9d.js.map => easyrbac : js/chunk-480ad232.ae390b9d.js.map
2019/07/22 15:24:33.586 [E]  Form upload file `C:\MyProjects\UI\easy-rbac-ui\dist\js\chunk-377fe75c.a56c942b.js.map` => `js/chunk-377fe75c.a56c942b.js.map` failed due to nerror `query region error, app/accesskey is not found`
2019/07/22 15:24:33.587 [I]  Uploading file C:\MyProjects\UI\easy-rbac-ui\dist\js\chunk-626fe20f.e18799c9.js => easyrbac : js/chunk-626fe20f.e18799c9.js
2019/07/22 15:24:33.641 [E]  Form upload file `C:\MyProjects\UI\easy-rbac-ui\dist\js\chunk-480ad232.ae390b9d.js` => `js/chunk-480ad232.ae390b9d.js` failed due to nerror `query region error, app/accesskey is not found`
2019/07/22 15:24:33.646 [I]  Uploading file C:\MyProjects\UI\easy-rbac-ui\dist\js\chunk-626fe20f.e18799c9.js.map => easyrbac : js/chunk-626fe20f.e18799c9.js.map
2019/07/22 15:24:33.698 [E]  Form upload file `C:\MyProjects\UI\easy-rbac-ui\dist\js\chunk-480ad232.ae390b9d.js.map` => `js/chunk-480ad232.ae390b9d.js.map` failed due to nerror `query region error, app/accesskey is not found`
2019/07/22 15:24:33.699 [I]  Uploading file C:\MyProjects\UI\easy-rbac-ui\dist\js\chunk-6a989ded.87bad00e.js => easyrbac : js/chunk-6a989ded.87bad00e.js
2019/07/22 15:24:33.753 [E]  Form upload file `C:\MyProjects\UI\easy-rbac-ui\dist\js\chunk-626fe20f.e18799c9.js` => `js/chunk-626fe20f.e18799c9.js` failed due to nerror `query region error, app/accesskey is not found`
2019/07/22 15:24:33.754 [I]  Uploading file C:\MyProjects\UI\easy-rbac-ui\dist\js\chunk-6a989ded.87bad00e.js.map => easyrbac : js/chunk-6a989ded.87bad00e.js.map
2019/07/22 15:24:33.807 [E]  Form upload file `C:\MyProjects\UI\easy-rbac-ui\dist\js\chunk-626fe20f.e18799c9.js.map` => `js/chunk-626fe20f.e18799c9.js.map` failed due to nerror `query region error, app/accesskey is not found`
2019/07/22 15:24:33.808 [I]  Uploading file C:\MyProjects\UI\easy-rbac-ui\dist\js\chunk-6c8ea15a.5f937517.js => easyrbac : js/chunk-6c8ea15a.5f937517.js
2019/07/22 15:24:33.863 [E]  Form upload file `C:\MyProjects\UI\easy-rbac-ui\dist\js\chunk-6a989ded.87bad00e.js` => `js/chunk-6a989ded.87bad00e.js` failed due to nerror `query region error, app/accesskey is not found`
2019/07/22 15:24:33.864 [I]  Uploading file C:\MyProjects\UI\easy-rbac-ui\dist\js\chunk-6c8ea15a.5f937517.js.map => easyrbac : js/chunk-6c8ea15a.5f937517.js.map
2019/07/22 15:24:33.917 [E]  Form upload file `C:\MyProjects\UI\easy-rbac-ui\dist\js\chunk-6a989ded.87bad00e.js.map` => `js/chunk-6a989ded.87bad00e.js.map` failed due to nerror `query region error, app/accesskey is not found`
2019/07/22 15:24:33.919 [I]  Uploading file C:\MyProjects\UI\easy-rbac-ui\dist\js\chunk-e3ad190c.2f428111.js => easyrbac : js/chunk-e3ad190c.2f428111.js
2019/07/22 15:24:33.973 [E]  Form upload file `C:\MyProjects\UI\easy-rbac-ui\dist\js\chunk-6c8ea15a.5f937517.js` => `js/chunk-6c8ea15a.5f937517.js` failed due to nerror `query region error, app/accesskey is not found`
2019/07/22 15:24:33.974 [I]  Uploading file C:\MyProjects\UI\easy-rbac-ui\dist\js\chunk-e3ad190c.2f428111.js.map => easyrbac : js/chunk-e3ad190c.2f428111.js.map
2019/07/22 15:24:34.029 [E]  Form upload file `C:\MyProjects\UI\easy-rbac-ui\dist\js\chunk-6c8ea15a.5f937517.js.map` => `js/chunk-6c8ea15a.5f937517.js.map` failed due to nerror `query region error, app/accesskey is not found`
2019/07/22 15:24:34.030 [I]  Uploading file C:\MyProjects\UI\easy-rbac-ui\dist\js\chunk-e4a2a94c.f39fada2.js => easyrbac : js/chunk-e4a2a94c.f39fada2.js
2019/07/22 15:24:34.085 [E]  Form upload file `C:\MyProjects\UI\easy-rbac-ui\dist\js\chunk-e3ad190c.2f428111.js` => `js/chunk-e3ad190c.2f428111.js` failed due to nerror `query region error, app/accesskey is not found`
2019/07/22 15:24:34.086 [I]  Uploading file C:\MyProjects\UI\easy-rbac-ui\dist\js\chunk-e4a2a94c.f39fada2.js.map => easyrbac : js/chunk-e4a2a94c.f39fada2.js.map
2019/07/22 15:24:34.141 [E]  Form upload file `C:\MyProjects\UI\easy-rbac-ui\dist\js\chunk-e3ad190c.2f428111.js.map` => `js/chunk-e3ad190c.2f428111.js.map` failed due to nerror `query region error, app/accesskey is not found`
2019/07/22 15:24:34.142 [I]  Uploading file C:\MyProjects\UI\easy-rbac-ui\dist\js\chunk-e9c26186.8fefad35.js => easyrbac : js/chunk-e9c26186.8fefad35.js
2019/07/22 15:24:34.197 [E]  Form upload file `C:\MyProjects\UI\easy-rbac-ui\dist\js\chunk-e4a2a94c.f39fada2.js` => `js/chunk-e4a2a94c.f39fada2.js` failed due to nerror `query region error, app/accesskey is not found`
2019/07/22 15:24:34.197 [I]  Uploading file C:\MyProjects\UI\easy-rbac-ui\dist\js\chunk-e9c26186.8fefad35.js.map => easyrbac : js/chunk-e9c26186.8fefad35.js.map
2019/07/22 15:24:34.253 [E]  Form upload file `C:\MyProjects\UI\easy-rbac-ui\dist\js\chunk-e4a2a94c.f39fada2.js.map` => `js/chunk-e4a2a94c.f39fada2.js.map` failed due to nerror `query region error, app/accesskey is not found`
2019/07/22 15:24:34.253 [I]  Uploading file C:\MyProjects\UI\easy-rbac-ui\dist\js\chunk-vendors.dbadf734.js => easyrbac : js/chunk-vendors.dbadf734.js
2019/07/22 15:24:34.307 [E]  Form upload file `C:\MyProjects\UI\easy-rbac-ui\dist\js\chunk-e9c26186.8fefad35.js` => `js/chunk-e9c26186.8fefad35.js` failed due to nerror `query region error, app/accesskey is not found`
2019/07/22 15:24:34.308 [I]  Uploading file C:\MyProjects\UI\easy-rbac-ui\dist\js\chunk-vendors.dbadf734.js.map => easyrbac : js/chunk-vendors.dbadf734.js.map
2019/07/22 15:24:34.363 [E]  Form upload file `C:\MyProjects\UI\easy-rbac-ui\dist\js\chunk-e9c26186.8fefad35.js.map` => `js/chunk-e9c26186.8fefad35.js.map` failed due to nerror `query region error, app/accesskey is not found`
2019/07/22 15:24:34.419 [E]  Form upload file `C:\MyProjects\UI\easy-rbac-ui\dist\js\chunk-vendors.dbadf734.js` => `js/chunk-vendors.dbadf734.js` failed due to nerror `query region error, app/accesskey is not found`
2019/07/22 15:24:34.473 [E]  Form upload file `C:\MyProjects\UI\easy-rbac-ui\dist\js\chunk-vendors.dbadf734.js.map` => `js/chunk-vendors.dbadf734.js.map` failed due to nerror `query region error, app/accesskey is not found`
2019/07/22 15:24:34.473 [I]  -------------Upload Result--------------
2019/07/22 15:24:34.473 [I]                Total:        43
2019/07/22 15:24:34.473 [I]              Success:         0
2019/07/22 15:24:34.473 [I]              Failure:        43
2019/07/22 15:24:34.473 [I]         NotOverwrite:         0
2019/07/22 15:24:34.473 [I]              Skipped:         0
2019/07/22 15:24:34.473 [I]             Duration:     2.7690005s
2019/07/22 15:24:34.473 [I]  ----------------------------------------
2019/07/22 15:25:04.520 [I]  Listing local sync dir, this can take a long time for big directory, please wait patiently
2019/07/22 15:25:04.520 [I]  Walk `C:\MyProjects\UI\easy-rbac-ui\dist` start from 2019-07-22 15:25:04.5201927 +0800 CST m=+0.413997201
2019/07/22 15:25:04.567 [I]  Uploading file C:\MyProjects\UI\easy-rbac-ui\dist\css\app.6e9b8ff5.css => easyrbac : css/app.6e9b8ff5.css
2019/07/22 15:25:04.568 [I]  Uploading file C:\MyProjects\UI\easy-rbac-ui\dist\css\chunk-1fef9ea3.8e14c365.css => easyrbac : css/chunk-1fef9ea3.8e14c365.css
2019/07/22 15:25:04.569 [I]  Uploading file C:\MyProjects\UI\easy-rbac-ui\dist\css\chunk-27a44d00.57e4567a.css => easyrbac : css/chunk-27a44d00.57e4567a.css
2019/07/22 15:25:05.113 [I]  Upload file `C:\MyProjects\UI\easy-rbac-ui\dist\css\app.6e9b8ff5.css` => `easyrbac : css/app.6e9b8ff5.css` success
2019/07/22 15:25:05.128 [I]  Uploading file C:\MyProjects\UI\easy-rbac-ui\dist\css\chunk-2dc03896.00142e23.css => easyrbac : css/chunk-2dc03896.00142e23.css
2019/07/22 15:25:05.172 [I]  Upload file `C:\MyProjects\UI\easy-rbac-ui\dist\css\chunk-1fef9ea3.8e14c365.css` => `easyrbac : css/chunk-1fef9ea3.8e14c365.css` success
2019/07/22 15:25:05.178 [I]  Uploading file C:\MyProjects\UI\easy-rbac-ui\dist\css\chunk-377fe75c.6d95c0fa.css => easyrbac : css/chunk-377fe75c.6d95c0fa.css
2019/07/22 15:25:05.227 [I]  Upload file `C:\MyProjects\UI\easy-rbac-ui\dist\css\chunk-27a44d00.57e4567a.css` => `easyrbac : css/chunk-27a44d00.57e4567a.css` success
2019/07/22 15:25:05.230 [I]  Uploading file C:\MyProjects\UI\easy-rbac-ui\dist\css\chunk-480ad232.fde3d2e7.css => easyrbac : css/chunk-480ad232.fde3d2e7.css
2019/07/22 15:25:05.281 [I]  Upload file `C:\MyProjects\UI\easy-rbac-ui\dist\css\chunk-2dc03896.00142e23.css` => `easyrbac : css/chunk-2dc03896.00142e23.css` success
2019/07/22 15:25:05.284 [I]  Uploading file C:\MyProjects\UI\easy-rbac-ui\dist\css\chunk-626fe20f.dc3e219f.css => easyrbac : css/chunk-626fe20f.dc3e219f.css
2019/07/22 15:25:05.330 [I]  Upload file `C:\MyProjects\UI\easy-rbac-ui\dist\css\chunk-377fe75c.6d95c0fa.css` => `easyrbac : css/chunk-377fe75c.6d95c0fa.css` success
2019/07/22 15:25:05.334 [I]  Uploading file C:\MyProjects\UI\easy-rbac-ui\dist\css\chunk-6c8ea15a.9f0c1a83.css => easyrbac : css/chunk-6c8ea15a.9f0c1a83.css
2019/07/22 15:25:05.380 [I]  Upload file `C:\MyProjects\UI\easy-rbac-ui\dist\css\chunk-480ad232.fde3d2e7.css` => `easyrbac : css/chunk-480ad232.fde3d2e7.css` success
2019/07/22 15:25:05.382 [I]  Uploading file C:\MyProjects\UI\easy-rbac-ui\dist\css\chunk-e3ad190c.0423cdb7.css => easyrbac : css/chunk-e3ad190c.0423cdb7.css
2019/07/22 15:25:05.428 [I]  Upload file `C:\MyProjects\UI\easy-rbac-ui\dist\css\chunk-626fe20f.dc3e219f.css` => `easyrbac : css/chunk-626fe20f.dc3e219f.css` success
2019/07/22 15:25:05.430 [I]  Uploading file C:\MyProjects\UI\easy-rbac-ui\dist\css\chunk-e4a2a94c.e22bb641.css => easyrbac : css/chunk-e4a2a94c.e22bb641.css
2019/07/22 15:25:05.478 [I]  Upload file `C:\MyProjects\UI\easy-rbac-ui\dist\css\chunk-6c8ea15a.9f0c1a83.css` => `easyrbac : css/chunk-6c8ea15a.9f0c1a83.css` success
2019/07/22 15:25:05.480 [I]  Uploading file C:\MyProjects\UI\easy-rbac-ui\dist\css\chunk-vendors.e8c2204c.css => easyrbac : css/chunk-vendors.e8c2204c.css
2019/07/22 15:25:05.528 [I]  Upload file `C:\MyProjects\UI\easy-rbac-ui\dist\css\chunk-e3ad190c.0423cdb7.css` => `easyrbac : css/chunk-e3ad190c.0423cdb7.css` success
2019/07/22 15:25:05.530 [I]  Uploading file C:\MyProjects\UI\easy-rbac-ui\dist\favicon.ico => easyrbac : favicon.ico
2019/07/22 15:25:05.575 [I]  Upload file `C:\MyProjects\UI\easy-rbac-ui\dist\css\chunk-e4a2a94c.e22bb641.css` => `easyrbac : css/chunk-e4a2a94c.e22bb641.css` success
2019/07/22 15:25:05.579 [I]  Uploading file C:\MyProjects\UI\easy-rbac-ui\dist\fonts\element-icons.2fad952a.woff => easyrbac : fonts/element-icons.2fad952a.woff
2019/07/22 15:25:05.753 [I]  Upload file `C:\MyProjects\UI\easy-rbac-ui\dist\css\chunk-vendors.e8c2204c.css` => `easyrbac : css/chunk-vendors.e8c2204c.css` success
2019/07/22 15:25:05.762 [I]  Uploading file C:\MyProjects\UI\easy-rbac-ui\dist\fonts\element-icons.6f0a7632.ttf => easyrbac : fonts/element-icons.6f0a7632.ttf
2019/07/22 15:25:06.001 [I]  Upload file `C:\MyProjects\UI\easy-rbac-ui\dist\favicon.ico` => `easyrbac : favicon.ico` success
2019/07/22 15:25:06.006 [I]  Uploading file C:\MyProjects\UI\easy-rbac-ui\dist\index.html => easyrbac : index.html
2019/07/22 15:25:06.068 [I]  Upload file `C:\MyProjects\UI\easy-rbac-ui\dist\fonts\element-icons.2fad952a.woff` => `easyrbac : fonts/element-icons.2fad952a.woff` success
2019/07/22 15:25:06.073 [I]  Uploading file C:\MyProjects\UI\easy-rbac-ui\dist\js\app.ab882232.js => easyrbac : js/app.ab882232.js
2019/07/22 15:25:06.116 [I]  Upload file `C:\MyProjects\UI\easy-rbac-ui\dist\fonts\element-icons.6f0a7632.ttf` => `easyrbac : fonts/element-icons.6f0a7632.ttf` success
2019/07/22 15:25:06.118 [I]  Uploading file C:\MyProjects\UI\easy-rbac-ui\dist\js\app.ab882232.js.map => easyrbac : js/app.ab882232.js.map
2019/07/22 15:25:06.163 [I]  Upload file `C:\MyProjects\UI\easy-rbac-ui\dist\index.html` => `easyrbac : index.html` success
2019/07/22 15:25:06.166 [I]  Uploading file C:\MyProjects\UI\easy-rbac-ui\dist\js\chunk-1fef9ea3.132e15f7.js => easyrbac : js/chunk-1fef9ea3.132e15f7.js
2019/07/22 15:25:06.209 [I]  Upload file `C:\MyProjects\UI\easy-rbac-ui\dist\js\app.ab882232.js` => `easyrbac : js/app.ab882232.js` success
2019/07/22 15:25:06.212 [I]  Uploading file C:\MyProjects\UI\easy-rbac-ui\dist\js\chunk-1fef9ea3.132e15f7.js.map => easyrbac : js/chunk-1fef9ea3.132e15f7.js.map
2019/07/22 15:25:06.298 [I]  Upload file `C:\MyProjects\UI\easy-rbac-ui\dist\js\app.ab882232.js.map` => `easyrbac : js/app.ab882232.js.map` success
2019/07/22 15:25:06.304 [I]  Uploading file C:\MyProjects\UI\easy-rbac-ui\dist\js\chunk-27a44d00.92728ade.js => easyrbac : js/chunk-27a44d00.92728ade.js
2019/07/22 15:25:06.349 [I]  Upload file `C:\MyProjects\UI\easy-rbac-ui\dist\js\chunk-1fef9ea3.132e15f7.js` => `easyrbac : js/chunk-1fef9ea3.132e15f7.js` success
2019/07/22 15:25:06.352 [I]  Uploading file C:\MyProjects\UI\easy-rbac-ui\dist\js\chunk-27a44d00.92728ade.js.map => easyrbac : js/chunk-27a44d00.92728ade.js.map
2019/07/22 15:25:06.402 [I]  Upload file `C:\MyProjects\UI\easy-rbac-ui\dist\js\chunk-1fef9ea3.132e15f7.js.map` => `easyrbac : js/chunk-1fef9ea3.132e15f7.js.map` success
2019/07/22 15:25:06.404 [I]  Uploading file C:\MyProjects\UI\easy-rbac-ui\dist\js\chunk-2d21ab59.f66719a8.js => easyrbac : js/chunk-2d21ab59.f66719a8.js
2019/07/22 15:25:06.465 [I]  Upload file `C:\MyProjects\UI\easy-rbac-ui\dist\js\chunk-27a44d00.92728ade.js` => `easyrbac : js/chunk-27a44d00.92728ade.js` success
2019/07/22 15:25:06.471 [I]  Uploading file C:\MyProjects\UI\easy-rbac-ui\dist\js\chunk-2d21ab59.f66719a8.js.map => easyrbac : js/chunk-2d21ab59.f66719a8.js.map
2019/07/22 15:25:06.569 [I]  Upload file `C:\MyProjects\UI\easy-rbac-ui\dist\js\chunk-27a44d00.92728ade.js.map` => `easyrbac : js/chunk-27a44d00.92728ade.js.map` success
2019/07/22 15:25:06.574 [I]  Uploading file C:\MyProjects\UI\easy-rbac-ui\dist\js\chunk-2dc03896.f1760201.js => easyrbac : js/chunk-2dc03896.f1760201.js
2019/07/22 15:25:06.618 [I]  Upload file `C:\MyProjects\UI\easy-rbac-ui\dist\js\chunk-2d21ab59.f66719a8.js` => `easyrbac : js/chunk-2d21ab59.f66719a8.js` success
2019/07/22 15:25:06.621 [I]  Uploading file C:\MyProjects\UI\easy-rbac-ui\dist\js\chunk-2dc03896.f1760201.js.map => easyrbac : js/chunk-2dc03896.f1760201.js.map
2019/07/22 15:25:06.682 [I]  Upload file `C:\MyProjects\UI\easy-rbac-ui\dist\js\chunk-2d21ab59.f66719a8.js.map` => `easyrbac : js/chunk-2d21ab59.f66719a8.js.map` success
2019/07/22 15:25:06.687 [I]  Uploading file C:\MyProjects\UI\easy-rbac-ui\dist\js\chunk-377fe75c.a56c942b.js => easyrbac : js/chunk-377fe75c.a56c942b.js
2019/07/22 15:25:06.733 [I]  Upload file `C:\MyProjects\UI\easy-rbac-ui\dist\js\chunk-2dc03896.f1760201.js` => `easyrbac : js/chunk-2dc03896.f1760201.js` success
2019/07/22 15:25:06.736 [I]  Uploading file C:\MyProjects\UI\easy-rbac-ui\dist\js\chunk-377fe75c.a56c942b.js.map => easyrbac : js/chunk-377fe75c.a56c942b.js.map
2019/07/22 15:25:06.790 [I]  Upload file `C:\MyProjects\UI\easy-rbac-ui\dist\js\chunk-2dc03896.f1760201.js.map` => `easyrbac : js/chunk-2dc03896.f1760201.js.map` success
2019/07/22 15:25:06.794 [I]  Uploading file C:\MyProjects\UI\easy-rbac-ui\dist\js\chunk-480ad232.ae390b9d.js => easyrbac : js/chunk-480ad232.ae390b9d.js
2019/07/22 15:25:06.843 [I]  Upload file `C:\MyProjects\UI\easy-rbac-ui\dist\js\chunk-377fe75c.a56c942b.js` => `easyrbac : js/chunk-377fe75c.a56c942b.js` success
2019/07/22 15:25:06.845 [I]  Uploading file C:\MyProjects\UI\easy-rbac-ui\dist\js\chunk-480ad232.ae390b9d.js.map => easyrbac : js/chunk-480ad232.ae390b9d.js.map
2019/07/22 15:25:06.899 [I]  Upload file `C:\MyProjects\UI\easy-rbac-ui\dist\js\chunk-377fe75c.a56c942b.js.map` => `easyrbac : js/chunk-377fe75c.a56c942b.js.map` success
2019/07/22 15:25:06.901 [I]  Uploading file C:\MyProjects\UI\easy-rbac-ui\dist\js\chunk-626fe20f.e18799c9.js => easyrbac : js/chunk-626fe20f.e18799c9.js
2019/07/22 15:25:06.959 [I]  Upload file `C:\MyProjects\UI\easy-rbac-ui\dist\js\chunk-480ad232.ae390b9d.js` => `easyrbac : js/chunk-480ad232.ae390b9d.js` success
2019/07/22 15:25:06.961 [I]  Uploading file C:\MyProjects\UI\easy-rbac-ui\dist\js\chunk-626fe20f.e18799c9.js.map => easyrbac : js/chunk-626fe20f.e18799c9.js.map
2019/07/22 15:25:07.009 [I]  Upload file `C:\MyProjects\UI\easy-rbac-ui\dist\js\chunk-480ad232.ae390b9d.js.map` => `easyrbac : js/chunk-480ad232.ae390b9d.js.map` success
2019/07/22 15:25:07.013 [I]  Uploading file C:\MyProjects\UI\easy-rbac-ui\dist\js\chunk-6a989ded.87bad00e.js => easyrbac : js/chunk-6a989ded.87bad00e.js
2019/07/22 15:25:07.059 [I]  Upload file `C:\MyProjects\UI\easy-rbac-ui\dist\js\chunk-626fe20f.e18799c9.js` => `easyrbac : js/chunk-626fe20f.e18799c9.js` success
2019/07/22 15:25:07.062 [I]  Uploading file C:\MyProjects\UI\easy-rbac-ui\dist\js\chunk-6a989ded.87bad00e.js.map => easyrbac : js/chunk-6a989ded.87bad00e.js.map
2019/07/22 15:25:07.186 [I]  Upload file `C:\MyProjects\UI\easy-rbac-ui\dist\js\chunk-626fe20f.e18799c9.js.map` => `easyrbac : js/chunk-626fe20f.e18799c9.js.map` success
2019/07/22 15:25:07.193 [I]  Uploading file C:\MyProjects\UI\easy-rbac-ui\dist\js\chunk-6c8ea15a.5f937517.js => easyrbac : js/chunk-6c8ea15a.5f937517.js
2019/07/22 15:25:07.248 [I]  Upload file `C:\MyProjects\UI\easy-rbac-ui\dist\js\chunk-6a989ded.87bad00e.js` => `easyrbac : js/chunk-6a989ded.87bad00e.js` success
2019/07/22 15:25:07.250 [I]  Uploading file C:\MyProjects\UI\easy-rbac-ui\dist\js\chunk-6c8ea15a.5f937517.js.map => easyrbac : js/chunk-6c8ea15a.5f937517.js.map
2019/07/22 15:25:07.296 [I]  Upload file `C:\MyProjects\UI\easy-rbac-ui\dist\js\chunk-6a989ded.87bad00e.js.map` => `easyrbac : js/chunk-6a989ded.87bad00e.js.map` success
2019/07/22 15:25:07.298 [I]  Uploading file C:\MyProjects\UI\easy-rbac-ui\dist\js\chunk-e3ad190c.2f428111.js => easyrbac : js/chunk-e3ad190c.2f428111.js
2019/07/22 15:25:07.342 [I]  Upload file `C:\MyProjects\UI\easy-rbac-ui\dist\js\chunk-6c8ea15a.5f937517.js` => `easyrbac : js/chunk-6c8ea15a.5f937517.js` success
2019/07/22 15:25:07.346 [I]  Uploading file C:\MyProjects\UI\easy-rbac-ui\dist\js\chunk-e3ad190c.2f428111.js.map => easyrbac : js/chunk-e3ad190c.2f428111.js.map
2019/07/22 15:25:07.390 [I]  Upload file `C:\MyProjects\UI\easy-rbac-ui\dist\js\chunk-6c8ea15a.5f937517.js.map` => `easyrbac : js/chunk-6c8ea15a.5f937517.js.map` success
2019/07/22 15:25:07.394 [I]  Uploading file C:\MyProjects\UI\easy-rbac-ui\dist\js\chunk-e4a2a94c.f39fada2.js => easyrbac : js/chunk-e4a2a94c.f39fada2.js
2019/07/22 15:25:07.451 [I]  Upload file `C:\MyProjects\UI\easy-rbac-ui\dist\js\chunk-e3ad190c.2f428111.js` => `easyrbac : js/chunk-e3ad190c.2f428111.js` success
2019/07/22 15:25:07.453 [I]  Uploading file C:\MyProjects\UI\easy-rbac-ui\dist\js\chunk-e4a2a94c.f39fada2.js.map => easyrbac : js/chunk-e4a2a94c.f39fada2.js.map
2019/07/22 15:25:07.511 [I]  Upload file `C:\MyProjects\UI\easy-rbac-ui\dist\js\chunk-e3ad190c.2f428111.js.map` => `easyrbac : js/chunk-e3ad190c.2f428111.js.map` success
2019/07/22 15:25:07.514 [I]  Uploading file C:\MyProjects\UI\easy-rbac-ui\dist\js\chunk-e9c26186.8fefad35.js => easyrbac : js/chunk-e9c26186.8fefad35.js
2019/07/22 15:25:07.567 [I]  Upload file `C:\MyProjects\UI\easy-rbac-ui\dist\js\chunk-e4a2a94c.f39fada2.js` => `easyrbac : js/chunk-e4a2a94c.f39fada2.js` success
2019/07/22 15:25:07.570 [I]  Uploading file C:\MyProjects\UI\easy-rbac-ui\dist\js\chunk-e9c26186.8fefad35.js.map => easyrbac : js/chunk-e9c26186.8fefad35.js.map
2019/07/22 15:25:07.619 [I]  Upload file `C:\MyProjects\UI\easy-rbac-ui\dist\js\chunk-e4a2a94c.f39fada2.js.map` => `easyrbac : js/chunk-e4a2a94c.f39fada2.js.map` success
2019/07/22 15:25:07.621 [I]  Uploading file C:\MyProjects\UI\easy-rbac-ui\dist\js\chunk-vendors.dbadf734.js => easyrbac : js/chunk-vendors.dbadf734.js
2019/07/22 15:25:07.674 [I]  Upload file `C:\MyProjects\UI\easy-rbac-ui\dist\js\chunk-e9c26186.8fefad35.js` => `easyrbac : js/chunk-e9c26186.8fefad35.js` success
2019/07/22 15:25:07.678 [I]  Uploading file C:\MyProjects\UI\easy-rbac-ui\dist\js\chunk-vendors.dbadf734.js.map => easyrbac : js/chunk-vendors.dbadf734.js.map
2019/07/22 15:25:07.731 [I]  Upload file `C:\MyProjects\UI\easy-rbac-ui\dist\js\chunk-e9c26186.8fefad35.js.map` => `easyrbac : js/chunk-e9c26186.8fefad35.js.map` success
2019/07/22 15:25:08.224 [I]  Upload file `C:\MyProjects\UI\easy-rbac-ui\dist\js\chunk-vendors.dbadf734.js` => `easyrbac : js/chunk-vendors.dbadf734.js` success
2019/07/22 15:25:10.017 [I]  Upload file `C:\MyProjects\UI\easy-rbac-ui\dist\js\chunk-vendors.dbadf734.js.map` => `easyrbac : js/chunk-vendors.dbadf734.js.map` success
2019/07/22 15:25:10.028 [I]  -------------Upload Result--------------
2019/07/22 15:25:10.028 [I]                Total:        43
2019/07/22 15:25:10.028 [I]              Success:        43
2019/07/22 15:25:10.028 [I]              Failure:         0
2019/07/22 15:25:10.028 [I]         NotOverwrite:         0
2019/07/22 15:25:10.028 [I]              Skipped:         0
2019/07/22 15:25:10.028 [I]             Duration:     5.5656792s
2019/07/22 15:25:10.028 [I]  ----------------------------------------
